Base path: D:/Program Files/2018.4.25f1/Editor/Data
Cmd: initializeCompiler
Cmd: compileComputeKernel
  api=4 insize=1632 outsize=1053 ok=1
Cmd: compileComputeKernel
  api=4 insize=2336 outsize=433 ok=1
Cmd: compileComputeKernel
  api=4 insize=2094 outsize=453 ok=1
Cmd: compileComputeKernel
  api=9 insize=4891 outsize=1321 ok=1
Cmd: compileComputeKernel
  api=9 insize=4891 outsize=3857 ok=1
Cmd: compileComputeKernel
  api=4 insize=2668 outsize=1765 ok=1
Cmd: compileComputeKernel
  api=9 insize=1262 outsize=2425 ok=1
Cmd: compileComputeKernel
  api=4 insize=3316 outsize=1729 ok=1
Cmd: compileComputeKernel
  api=15 insize=3316 outsize=3637 ok=1
Cmd: compileComputeKernel
  api=4 insize=4688 outsize=9193 ok=1
Cmd: compileComputeKernel
  api=4 insize=3277 outsize=1157 ok=1
Cmd: compileComputeKernel
  api=9 insize=3277 outsize=3733 ok=1
Cmd: initializeCompiler
Cmd: compileComputeKernel
  api=4 insize=1386 outsize=1561 ok=1
Cmd: compileComputeKernel
  api=15 insize=3182 outsize=6917 ok=1
Cmd: compileComputeKernel
  api=15 insize=1176 outsize=1801 ok=1
Cmd: compileComputeKernel
  api=15 insize=10881 outsize=21589 ok=1
Cmd: compileComputeKernel
  api=4 insize=4845 outsize=5397 ok=1
Cmd: compileComputeKernel
  api=4 insize=18299 outsize=8781 ok=1
Cmd: compileComputeKernel
  api=15 insize=18299 outsize=16841 ok=1
Cmd: compileComputeKernel
  api=15 insize=2867 outsize=901 ok=1
Cmd: compileComputeKernel
  api=4 insize=1806 outsize=553 ok=1
Cmd: compileComputeKernel
  api=15 insize=1454 outsize=1777 ok=1
Cmd: initializeCompiler
Cmd: compileComputeKernel
  error: 2 plat 9 at (2): failed to open source file: 'Packages/com.unity.postprocessing/PostProcessing/Shaders/StdLib.hlsl'
  error: 2 plat 9 at (3): failed to open source file: 'Packages/com.unity.postprocessing/PostProcessing/Shaders/Colors.hlsl'
  error: 2 plat 9 at (4): failed to open source file: 'Packages/com.unity.postprocessing/PostProcessing/Shaders/ACES.hlsl'
  api=9 insize=5017 outsize=0 ok=0
Cmd: compileComputeKernel
  error: 2 plat 4 at MultiScaleVOUpsample.compute(37): failed to open source file: 'Packages/com.unity.postprocessing/PostProcessing/Shaders/StdLib.hlsl'
  api=4 insize=18353 outsize=0 ok=0
Cmd: compileComputeKernel
  error: 2 plat 4 at GaussianDownsample.compute(25): failed to open source file: 'Packages/com.unity.postprocessing/PostProcessing/Shaders/StdLib.hlsl'
  api=4 insize=5489 outsize=0 ok=0
Cmd: compileComputeKernel
  error: 2 plat 15 at Waveform.compute(4): failed to open source file: 'Packages/com.unity.postprocessing/PostProcessing/Shaders/StdLib.hlsl'
  api=15 insize=1914 outsize=0 ok=0
Cmd: initializeCompiler
Cmd: initializeCompiler
Cmd: initializeCompiler
Cmd: initializeCompiler
Cmd: initializeCompiler
Cmd: initializeCompiler
Cmd: initializeCompiler
Cmd: initializeCompiler
Cmd: initializeCompiler
Cmd: initializeCompiler
Cmd: initializeCompiler
Cmd: initializeCompiler
Cmd: initializeCompiler
Cmd: initializeCompiler
Cmd: initializeCompiler
Cmd: initializeCompiler
Cmd: initializeCompiler
Cmd: initializeCompiler
Cmd: initializeCompiler
Cmd: initializeCompiler
Cmd: initializeCompiler
Cmd: initializeCompiler
Cmd: initializeCompiler
Cmd: initializeCompiler
Cmd: initializeCompiler
Cmd: initializeCompiler
Cmd: initializeCompiler
Cmd: initializeCompiler
Cmd: initializeCompiler
Cmd: initializeCompiler
Cmd: initializeCompiler
Cmd: initializeCompiler
Cmd: initializeCompiler
Cmd: initializeCompiler
Cmd: initializeCompiler
Cmd: initializeCompiler
Cmd: initializeCompiler
Cmd: initializeCompiler
Cmd: initializeCompiler
Cmd: initializeCompiler
Cmd: initializeCompiler
Cmd: initializeCompiler
Cmd: initializeCompiler
Cmd: initializeCompiler
Cmd: initializeCompiler
Cmd: initializeCompiler
Cmd: initializeCompiler
