Base path: D:/Program Files/2018.4.25f1/Editor/Data
Cmd: initializeCompiler
Cmd: compileComputeKernel
  api=9 insize=1119 outsize=4821 ok=1
Cmd: compileComputeKernel
  api=15 insize=1632 outsize=3093 ok=1
Cmd: compileComputeKernel
  api=15 insize=1632 outsize=3481 ok=1
Cmd: compileComputeKernel
  api=9 insize=1632 outsize=3129 ok=1
Cmd: compileComputeKernel
  api=15 insize=2336 outsize=1065 ok=1
Cmd: compileComputeKernel
  api=9 insize=2094 outsize=2125 ok=1
Cmd: compileComputeKernel
  api=15 insize=4891 outsize=4161 ok=1
Cmd: compileComputeKernel
  api=15 insize=4891 outsize=2749 ok=1
Cmd: compileComputeKernel
  api=4 insize=2668 outsize=2257 ok=1
Cmd: compileComputeKernel
  api=4 insize=3316 outsize=1053 ok=1
Cmd: compileComputeKernel
  api=15 insize=3316 outsize=5133 ok=1
Cmd: compileComputeKernel
  api=9 insize=4688 outsize=5353 ok=1
Cmd: compileComputeKernel
  api=15 insize=1753 outsize=27817 ok=1
Cmd: compileComputeKernel
  api=15 insize=3277 outsize=2029 ok=1
Cmd: initializeCompiler
Cmd: compileComputeKernel
  api=15 insize=3182 outsize=10561 ok=1
Cmd: compileComputeKernel
  api=9 insize=2285 outsize=5125 ok=1
Cmd: compileComputeKernel
  api=9 insize=2285 outsize=5125 ok=1
Cmd: compileComputeKernel
  api=15 insize=1176 outsize=1885 ok=1
Cmd: compileComputeKernel
  api=4 insize=10881 outsize=10437 ok=1
Cmd: compileComputeKernel
  api=9 insize=4845 outsize=17385 ok=1
Cmd: compileComputeKernel
  api=4 insize=18299 outsize=8545 ok=1
Cmd: compileComputeKernel
  api=15 insize=18299 outsize=16521 ok=1
Cmd: initializeCompiler
Cmd: compileComputeKernel
  error: 2 plat 15 at Texture3DLerp.compute(4): failed to open source file: 'Packages/com.unity.postprocessing/PostProcessing/Shaders/StdLib.hlsl'
  api=15 insize=1230 outsize=0 ok=0
Cmd: compileComputeKernel
  error: 2 plat 4 at AutoExposure.compute(7): failed to open source file: 'Packages/com.unity.postprocessing/PostProcessing/Shaders/StdLib.hlsl'
  api=4 insize=3190 outsize=0 ok=0
Cmd: compileComputeKernel
  error: 2 plat 15 at Lut3DBaker.compute(1): failed to open source file: 'Packages/com.unity.postprocessing/PostProcessing/Shaders/StdLib.hlsl'
  api=15 insize=5017 outsize=0 ok=0
Cmd: compileComputeKernel
  error: 2 plat 15 at MultiScaleVOUpsample.compute(37): failed to open source file: 'Packages/com.unity.postprocessing/PostProcessing/Shaders/StdLib.hlsl'
  api=15 insize=18353 outsize=0 ok=0
Cmd: compileComputeKernel
  error: 2 plat 15 at MultiScaleVOUpsample.compute(37): failed to open source file: 'Packages/com.unity.postprocessing/PostProcessing/Shaders/StdLib.hlsl'
  api=15 insize=18353 outsize=0 ok=0
Cmd: compileComputeKernel
  error: 2 plat 4 at ExposureHistogram.compute(7): failed to open source file: 'Packages/com.unity.postprocessing/PostProcessing/Shaders/StdLib.hlsl'
  api=4 insize=3246 outsize=0 ok=0
Cmd: compileComputeKernel
  error: 2 plat 4 at Waveform.compute(4): failed to open source file: 'Packages/com.unity.postprocessing/PostProcessing/Shaders/StdLib.hlsl'
  api=4 insize=1914 outsize=0 ok=0
Cmd: initializeCompiler
Cmd: initializeCompiler
Cmd: initializeCompiler
Cmd: initializeCompiler
Cmd: initializeCompiler
Cmd: initializeCompiler
Cmd: initializeCompiler
Cmd: initializeCompiler
Cmd: initializeCompiler
Cmd: initializeCompiler
Cmd: initializeCompiler
Cmd: initializeCompiler
Cmd: initializeCompiler
Cmd: initializeCompiler
Cmd: initializeCompiler
Cmd: initializeCompiler
Cmd: initializeCompiler
Cmd: initializeCompiler
Cmd: initializeCompiler
Cmd: initializeCompiler
Cmd: initializeCompiler
Cmd: initializeCompiler
Cmd: initializeCompiler
Cmd: initializeCompiler
Cmd: initializeCompiler
Cmd: initializeCompiler
Cmd: initializeCompiler
Cmd: initializeCompiler
Cmd: initializeCompiler
Cmd: initializeCompiler
Cmd: initializeCompiler
Cmd: initializeCompiler
Cmd: initializeCompiler
Cmd: initializeCompiler
Cmd: initializeCompiler
Cmd: initializeCompiler
Cmd: initializeCompiler
Cmd: initializeCompiler
Cmd: initializeCompiler
Cmd: initializeCompiler
Cmd: initializeCompiler
Cmd: initializeCompiler
Cmd: initializeCompiler
Cmd: initializeCompiler
Cmd: initializeCompiler
Cmd: initializeCompiler
Cmd: initializeCompiler
