Base path: D:/Program Files/2018.4.25f1/Editor/Data
Cmd: initializeCompiler
Cmd: compileComputeKernel
  api=4 insize=1632 outsize=481 ok=1
Cmd: compileComputeKernel
  api=15 insize=2094 outsize=1929 ok=1
Cmd: compileComputeKernel
  api=9 insize=4891 outsize=1445 ok=1
Cmd: compileComputeKernel
  api=9 insize=4891 outsize=3141 ok=1
Cmd: compileComputeKernel
  api=4 insize=3316 outsize=641 ok=1
Cmd: compileComputeKernel
  api=9 insize=3316 outsize=2945 ok=1
Cmd: compileComputeKernel
  api=15 insize=3316 outsize=5229 ok=1
Cmd: compileComputeKernel
  api=9 insize=1753 outsize=27581 ok=1
Cmd: compileComputeKernel
  api=15 insize=3277 outsize=1933 ok=1
Cmd: compileComputeKernel
  api=9 insize=3277 outsize=2077 ok=1
Cmd: initializeCompiler
Cmd: compileComputeKernel
  api=4 insize=1098 outsize=889 ok=1
Cmd: compileComputeKernel
  api=15 insize=1484 outsize=5681 ok=1
Cmd: compileComputeKernel
  api=4 insize=2285 outsize=1341 ok=1
Cmd: compileComputeKernel
  api=4 insize=2285 outsize=1341 ok=1
Cmd: compileComputeKernel
  api=4 insize=1176 outsize=781 ok=1
Cmd: compileComputeKernel
  api=4 insize=2780 outsize=47805 ok=1
Cmd: compileComputeKernel
  api=9 insize=4845 outsize=10541 ok=1
Cmd: compileComputeKernel
  api=4 insize=3396 outsize=2681 ok=1
Cmd: compileComputeKernel
  api=15 insize=18299 outsize=16033 ok=1
Cmd: compileComputeKernel
  api=15 insize=18299 outsize=24893 ok=1
Cmd: compileComputeKernel
  api=4 insize=5435 outsize=6445 ok=1
Cmd: compileComputeKernel
  api=4 insize=2044 outsize=1037 ok=1
Cmd: initializeCompiler
Cmd: compileComputeKernel
  error: 2 plat 4 at MultiScaleVORender.compute(30): failed to open source file: 'Packages/com.unity.postprocessing/PostProcessing/Shaders/StdLib.hlsl'
  api=4 insize=10935 outsize=0 ok=0
Cmd: compileComputeKernel
  error: 2 plat 15 at Lut3DBaker.compute(1): failed to open source file: 'Packages/com.unity.postprocessing/PostProcessing/Shaders/StdLib.hlsl'
  api=15 insize=5017 outsize=0 ok=0
Cmd: compileComputeKernel
  error: 2 plat 4 at MultiScaleVOUpsample.compute(37): failed to open source file: 'Packages/com.unity.postprocessing/PostProcessing/Shaders/StdLib.hlsl'
  api=4 insize=18353 outsize=0 ok=0
Cmd: compileComputeKernel
  error: 2 plat 15 at MultiScaleVOUpsample.compute(37): failed to open source file: 'Packages/com.unity.postprocessing/PostProcessing/Shaders/StdLib.hlsl'
  api=15 insize=18353 outsize=0 ok=0
Cmd: compileComputeKernel
  error: 2 plat 4 at Vectorscope.compute(4): failed to open source file: 'Packages/com.unity.postprocessing/PostProcessing/Shaders/StdLib.hlsl'
  api=4 insize=1562 outsize=0 ok=0
Cmd: initializeCompiler
Cmd: initializeCompiler
Cmd: initializeCompiler
Cmd: initializeCompiler
Cmd: initializeCompiler
Cmd: initializeCompiler
Cmd: initializeCompiler
Cmd: initializeCompiler
Cmd: initializeCompiler
Cmd: initializeCompiler
Cmd: initializeCompiler
Cmd: initializeCompiler
Cmd: initializeCompiler
Cmd: initializeCompiler
Cmd: initializeCompiler
Cmd: initializeCompiler
Cmd: initializeCompiler
Cmd: initializeCompiler
Cmd: initializeCompiler
Cmd: initializeCompiler
Cmd: initializeCompiler
Cmd: initializeCompiler
Cmd: initializeCompiler
Cmd: initializeCompiler
Cmd: initializeCompiler
Cmd: initializeCompiler
Cmd: initializeCompiler
Cmd: initializeCompiler
Cmd: initializeCompiler
Cmd: initializeCompiler
Cmd: initializeCompiler
Cmd: initializeCompiler
Cmd: initializeCompiler
Cmd: initializeCompiler
Cmd: initializeCompiler
Cmd: initializeCompiler
Cmd: initializeCompiler
Cmd: initializeCompiler
Cmd: initializeCompiler
Cmd: initializeCompiler
Cmd: initializeCompiler
Cmd: initializeCompiler
Cmd: initializeCompiler
Cmd: initializeCompiler
Cmd: initializeCompiler
Cmd: initializeCompiler
Cmd: initializeCompiler
