Base path: D:/Program Files/2018.4.25f1/Editor/Data
Cmd: initializeCompiler
Cmd: compileComputeKernel
  api=4 insize=1119 outsize=2961 ok=1
Cmd: compileComputeKernel
  api=4 insize=1632 outsize=1109 ok=1
Cmd: compileComputeKernel
  api=9 insize=1632 outsize=1001 ok=1
Cmd: compileComputeKernel
  api=9 insize=1632 outsize=1361 ok=1
Cmd: compileComputeKernel
  api=9 insize=1632 outsize=3849 ok=1
Cmd: compileComputeKernel
  api=9 insize=2336 outsize=997 ok=1
Cmd: compileComputeKernel
  api=4 insize=2094 outsize=705 ok=1
Cmd: compileComputeKernel
  api=9 insize=2094 outsize=1825 ok=1
Cmd: compileComputeKernel
  api=9 insize=4891 outsize=16285 ok=1
Cmd: compileComputeKernel
  api=9 insize=3316 outsize=2657 ok=1
Cmd: compileComputeKernel
  api=9 insize=3316 outsize=3293 ok=1
Cmd: compileComputeKernel
  api=15 insize=3277 outsize=1841 ok=1
Cmd: compileComputeKernel
  api=9 insize=3277 outsize=1985 ok=1
Cmd: initializeCompiler
Cmd: compileComputeKernel
  api=15 insize=3182 outsize=3897 ok=1
Cmd: compileComputeKernel
  api=9 insize=1484 outsize=701 ok=1
Cmd: compileComputeKernel
  api=15 insize=2285 outsize=5241 ok=1
Cmd: compileComputeKernel
  api=15 insize=2059 outsize=897 ok=1
Cmd: compileComputeKernel
  api=15 insize=2780 outsize=82913 ok=1
Cmd: compileComputeKernel
  api=4 insize=10881 outsize=9693 ok=1
Cmd: compileComputeKernel
  api=15 insize=4845 outsize=7449 ok=1
Cmd: compileComputeKernel
  api=15 insize=3396 outsize=5929 ok=1
Cmd: compileComputeKernel
  api=4 insize=18299 outsize=8925 ok=1
Cmd: compileComputeKernel
  api=15 insize=18299 outsize=24521 ok=1
Cmd: initializeCompiler
Cmd: compileComputeKernel
  error: 2 plat 4 at Histogram.compute(8): failed to open source file: 'Packages/com.unity.postprocessing/PostProcessing/Shaders/StdLib.hlsl'
  api=4 insize=2167 outsize=0 ok=0
Cmd: compileComputeKernel
  error: 2 plat 4 at AutoExposure.compute(7): failed to open source file: 'Packages/com.unity.postprocessing/PostProcessing/Shaders/StdLib.hlsl'
  api=4 insize=3190 outsize=0 ok=0
Cmd: compileComputeKernel
  error: 2 plat 15 at MultiScaleVORender.compute(30): failed to open source file: 'Packages/com.unity.postprocessing/PostProcessing/Shaders/StdLib.hlsl'
  api=15 insize=10935 outsize=0 ok=0
Cmd: compileComputeKernel
  error: 2 plat 15 at Lut3DBaker.compute(1): failed to open source file: 'Packages/com.unity.postprocessing/PostProcessing/Shaders/StdLib.hlsl'
  api=15 insize=5017 outsize=0 ok=0
Cmd: compileComputeKernel
  error: 2 plat 15 at MultiScaleVODownsample1.compute(28): failed to open source file: 'Packages/com.unity.postprocessing/PostProcessing/Shaders/StdLib.hlsl'
  api=15 insize=3450 outsize=0 ok=0
Cmd: compileComputeKernel
  error: 2 plat 4 at MultiScaleVOUpsample.compute(37): failed to open source file: 'Packages/com.unity.postprocessing/PostProcessing/Shaders/StdLib.hlsl'
  api=4 insize=18353 outsize=0 ok=0
Cmd: compileComputeKernel
  error: 2 plat 15 at MultiScaleVOUpsample.compute(37): failed to open source file: 'Packages/com.unity.postprocessing/PostProcessing/Shaders/StdLib.hlsl'
  api=15 insize=18353 outsize=0 ok=0
Cmd: compileComputeKernel
  error: 2 plat 4 at Waveform.compute(4): failed to open source file: 'Packages/com.unity.postprocessing/PostProcessing/Shaders/StdLib.hlsl'
  api=4 insize=1914 outsize=0 ok=0
Cmd: compileComputeKernel
  error: 2 plat 15 at Vectorscope.compute(4): failed to open source file: 'Packages/com.unity.postprocessing/PostProcessing/Shaders/StdLib.hlsl'
  api=15 insize=1562 outsize=0 ok=0
Cmd: compileComputeKernel
  error: 2 plat 15 at MultiScaleVODownsample2.compute(28): failed to open source file: 'Packages/com.unity.postprocessing/PostProcessing/Shaders/StdLib.hlsl'
  api=15 insize=2098 outsize=0 ok=0
Cmd: initializeCompiler
Cmd: initializeCompiler
Cmd: initializeCompiler
Cmd: initializeCompiler
Cmd: initializeCompiler
Cmd: initializeCompiler
Cmd: initializeCompiler
Cmd: initializeCompiler
Cmd: initializeCompiler
Cmd: initializeCompiler
Cmd: initializeCompiler
Cmd: initializeCompiler
Cmd: initializeCompiler
Cmd: initializeCompiler
Cmd: initializeCompiler
Cmd: initializeCompiler
Cmd: initializeCompiler
Cmd: initializeCompiler
Cmd: initializeCompiler
Cmd: initializeCompiler
Cmd: initializeCompiler
Cmd: initializeCompiler
Cmd: initializeCompiler
Cmd: initializeCompiler
Cmd: initializeCompiler
Cmd: initializeCompiler
Cmd: initializeCompiler
Cmd: initializeCompiler
Cmd: initializeCompiler
Cmd: initializeCompiler
Cmd: initializeCompiler
Cmd: initializeCompiler
Cmd: initializeCompiler
Cmd: initializeCompiler
Cmd: initializeCompiler
Cmd: initializeCompiler
Cmd: initializeCompiler
Cmd: initializeCompiler
Cmd: initializeCompiler
Cmd: initializeCompiler
Cmd: initializeCompiler
Cmd: initializeCompiler
Cmd: initializeCompiler
Cmd: initializeCompiler
Cmd: initializeCompiler
Cmd: initializeCompiler
Cmd: initializeCompiler
