Base path: D:/Program Files/2018.4.25f1/Editor/Data
Cmd: initializeCompiler
Cmd: compileComputeKernel
  api=4 insize=1632 outsize=641 ok=1
Cmd: compileComputeKernel
  api=15 insize=2336 outsize=5989 ok=1
Cmd: compileComputeKernel
  api=4 insize=2330 outsize=6117 ok=1
Cmd: compileComputeKernel
  api=15 insize=2094 outsize=1121 ok=1
Cmd: compileComputeKernel
  api=9 insize=2094 outsize=6137 ok=1
Cmd: compileComputeKernel
  api=9 insize=4891 outsize=3845 ok=1
Cmd: compileComputeKernel
  api=15 insize=4891 outsize=3573 ok=1
Cmd: compileComputeKernel
  api=9 insize=2668 outsize=10373 ok=1
Cmd: compileComputeKernel
  api=15 insize=3316 outsize=3037 ok=1
Cmd: compileComputeKernel
  api=15 insize=3316 outsize=1325 ok=1
Cmd: compileComputeKernel
  api=15 insize=3316 outsize=4593 ok=1
Cmd: compileComputeKernel
  api=4 insize=4688 outsize=2709 ok=1
Cmd: compileComputeKernel
  api=15 insize=3277 outsize=1941 ok=1
Cmd: initializeCompiler
Cmd: compileComputeKernel
  api=4 insize=1102 outsize=1669 ok=1
Cmd: compileComputeKernel
  api=9 insize=3182 outsize=6813 ok=1
Cmd: compileComputeKernel
  api=15 insize=1484 outsize=1029 ok=1
Cmd: compileComputeKernel
  api=15 insize=2285 outsize=5241 ok=1
Cmd: compileComputeKernel
  api=15 insize=10881 outsize=21869 ok=1
Cmd: compileComputeKernel
  api=4 insize=4845 outsize=3733 ok=1
Cmd: compileComputeKernel
  api=4 insize=18299 outsize=10769 ok=1
Cmd: compileComputeKernel
  api=15 insize=5435 outsize=13241 ok=1
Cmd: compileComputeKernel
  api=4 insize=2867 outsize=1329 ok=1
Cmd: compileComputeKernel
  api=15 insize=2044 outsize=1873 ok=1
Cmd: initializeCompiler
Cmd: compileComputeKernel
  error: 2 plat 15 at Histogram.compute(8): failed to open source file: 'Packages/com.unity.postprocessing/PostProcessing/Shaders/StdLib.hlsl'
  api=15 insize=2167 outsize=0 ok=0
Cmd: compileComputeKernel
  error: 2 plat 15 at MultiScaleVORender.compute(30): failed to open source file: 'Packages/com.unity.postprocessing/PostProcessing/Shaders/StdLib.hlsl'
  api=15 insize=10935 outsize=0 ok=0
Cmd: compileComputeKernel
  error: 2 plat 4 at Lut3DBaker.compute(1): failed to open source file: 'Packages/com.unity.postprocessing/PostProcessing/Shaders/StdLib.hlsl'
  api=4 insize=5017 outsize=0 ok=0
Cmd: compileComputeKernel
  error: 2 plat 4 at MultiScaleVOUpsample.compute(37): failed to open source file: 'Packages/com.unity.postprocessing/PostProcessing/Shaders/StdLib.hlsl'
  api=4 insize=18353 outsize=0 ok=0
Cmd: compileComputeKernel
  error: 2 plat 15 at MultiScaleVOUpsample.compute(37): failed to open source file: 'Packages/com.unity.postprocessing/PostProcessing/Shaders/StdLib.hlsl'
  api=15 insize=18353 outsize=0 ok=0
Cmd: compileComputeKernel
  error: 2 plat 4 at MultiScaleVODownsample2.compute(28): failed to open source file: 'Packages/com.unity.postprocessing/PostProcessing/Shaders/StdLib.hlsl'
  api=4 insize=2098 outsize=0 ok=0
Cmd: initializeCompiler
Cmd: initializeCompiler
Cmd: initializeCompiler
Cmd: initializeCompiler
Cmd: initializeCompiler
Cmd: initializeCompiler
Cmd: initializeCompiler
Cmd: initializeCompiler
Cmd: initializeCompiler
Cmd: initializeCompiler
Cmd: initializeCompiler
Cmd: initializeCompiler
Cmd: initializeCompiler
Cmd: initializeCompiler
Cmd: initializeCompiler
Cmd: initializeCompiler
Cmd: initializeCompiler
Cmd: initializeCompiler
Cmd: initializeCompiler
Cmd: initializeCompiler
Cmd: initializeCompiler
Cmd: initializeCompiler
Cmd: initializeCompiler
Cmd: initializeCompiler
Cmd: initializeCompiler
Cmd: initializeCompiler
Cmd: initializeCompiler
Cmd: initializeCompiler
Cmd: initializeCompiler
Cmd: initializeCompiler
Cmd: initializeCompiler
Cmd: initializeCompiler
Cmd: initializeCompiler
Cmd: initializeCompiler
Cmd: initializeCompiler
Cmd: initializeCompiler
Cmd: initializeCompiler
Cmd: initializeCompiler
Cmd: initializeCompiler
Cmd: initializeCompiler
Cmd: initializeCompiler
Cmd: initializeCompiler
Cmd: initializeCompiler
Cmd: initializeCompiler
Cmd: initializeCompiler
Cmd: initializeCompiler
Cmd: initializeCompiler
