Base path: D:/Program Files/2018.4.25f1/Editor/Data
Cmd: initializeCompiler
Cmd: compileComputeKernel
  api=4 insize=1632 outsize=1437 ok=1
Cmd: compileComputeKernel
  api=4 insize=2336 outsize=2665 ok=1
Cmd: compileComputeKernel
  api=4 insize=2094 outsize=1973 ok=1
Cmd: compileComputeKernel
  api=4 insize=4891 outsize=661 ok=1
Cmd: compileComputeKernel
  api=9 insize=4891 outsize=2389 ok=1
Cmd: compileComputeKernel
  api=15 insize=2668 outsize=6881 ok=1
Cmd: compileComputeKernel
  api=4 insize=3316 outsize=481 ok=1
Cmd: compileComputeKernel
  api=9 insize=3316 outsize=4409 ok=1
Cmd: compileComputeKernel
  api=9 insize=4688 outsize=981 ok=1
Cmd: compileComputeKernel
  api=15 insize=3277 outsize=2117 ok=1
Cmd: initializeCompiler
Cmd: compileComputeKernel
  api=15 insize=1098 outsize=2909 ok=1
Cmd: compileComputeKernel
  api=15 insize=1386 outsize=3689 ok=1
Cmd: compileComputeKernel
  api=9 insize=3182 outsize=3661 ok=1
Cmd: compileComputeKernel
  api=15 insize=10881 outsize=17885 ok=1
Cmd: compileComputeKernel
  api=9 insize=4845 outsize=8161 ok=1
Cmd: compileComputeKernel
  api=4 insize=18299 outsize=10549 ok=1
Cmd: compileComputeKernel
  api=15 insize=1454 outsize=3597 ok=1
Cmd: compileComputeKernel
  api=4 insize=2044 outsize=1033 ok=1
Cmd: initializeCompiler
Cmd: compileComputeKernel
  error: 2 plat 4 at Histogram.compute(8): failed to open source file: 'Packages/com.unity.postprocessing/PostProcessing/Shaders/StdLib.hlsl'
  api=4 insize=2167 outsize=0 ok=0
Cmd: compileComputeKernel
  error: 2 plat 4 at Texture3DLerp.compute(4): failed to open source file: 'Packages/com.unity.postprocessing/PostProcessing/Shaders/StdLib.hlsl'
  api=4 insize=1230 outsize=0 ok=0
Cmd: compileComputeKernel
  error: 2 plat 9 at (2): failed to open source file: 'Packages/com.unity.postprocessing/PostProcessing/Shaders/StdLib.hlsl'
  error: 2 plat 9 at (3): failed to open source file: 'Packages/com.unity.postprocessing/PostProcessing/Shaders/Colors.hlsl'
  error: 2 plat 9 at (4): failed to open source file: 'Packages/com.unity.postprocessing/PostProcessing/Shaders/ACES.hlsl'
  api=9 insize=5017 outsize=0 ok=0
Cmd: compileComputeKernel
  error: 2 plat 15 at MultiScaleVODownsample1.compute(28): failed to open source file: 'Packages/com.unity.postprocessing/PostProcessing/Shaders/StdLib.hlsl'
  api=15 insize=3450 outsize=0 ok=0
Cmd: compileComputeKernel
  error: 2 plat 15 at MultiScaleVOUpsample.compute(37): failed to open source file: 'Packages/com.unity.postprocessing/PostProcessing/Shaders/StdLib.hlsl'
  api=15 insize=18353 outsize=0 ok=0
Cmd: compileComputeKernel
  error: 2 plat 15 at Waveform.compute(4): failed to open source file: 'Packages/com.unity.postprocessing/PostProcessing/Shaders/StdLib.hlsl'
  api=15 insize=1914 outsize=0 ok=0
Cmd: initializeCompiler
Cmd: initializeCompiler
Cmd: initializeCompiler
Cmd: initializeCompiler
Cmd: initializeCompiler
Cmd: initializeCompiler
Cmd: initializeCompiler
Cmd: initializeCompiler
Cmd: initializeCompiler
Cmd: initializeCompiler
Cmd: initializeCompiler
Cmd: initializeCompiler
Cmd: initializeCompiler
Cmd: initializeCompiler
Cmd: initializeCompiler
Cmd: initializeCompiler
Cmd: initializeCompiler
Cmd: initializeCompiler
Cmd: initializeCompiler
Cmd: initializeCompiler
Cmd: initializeCompiler
Cmd: initializeCompiler
Cmd: initializeCompiler
Cmd: initializeCompiler
Cmd: initializeCompiler
Cmd: initializeCompiler
Cmd: initializeCompiler
Cmd: initializeCompiler
Cmd: initializeCompiler
Cmd: initializeCompiler
Cmd: initializeCompiler
Cmd: initializeCompiler
Cmd: initializeCompiler
Cmd: initializeCompiler
Cmd: initializeCompiler
Cmd: initializeCompiler
Cmd: initializeCompiler
Cmd: initializeCompiler
Cmd: initializeCompiler
Cmd: initializeCompiler
Cmd: initializeCompiler
Cmd: initializeCompiler
Cmd: initializeCompiler
Cmd: initializeCompiler
Cmd: initializeCompiler
Cmd: initializeCompiler
Cmd: initializeCompiler
