Base path: D:/Program Files/2018.4.25f1/Editor/Data
Cmd: initializeCompiler
Cmd: compileComputeKernel
  api=15 insize=1632 outsize=4565 ok=1
Cmd: compileComputeKernel
  api=15 insize=2336 outsize=5945 ok=1
Cmd: compileComputeKernel
  api=15 insize=2094 outsize=2441 ok=1
Cmd: compileComputeKernel
  api=4 insize=4891 outsize=1481 ok=1
Cmd: compileComputeKernel
  api=9 insize=3316 outsize=1001 ok=1
Cmd: compileComputeKernel
  api=9 insize=3316 outsize=1361 ok=1
Cmd: compileComputeKernel
  api=15 insize=3316 outsize=3173 ok=1
Cmd: compileComputeKernel
  api=15 insize=4688 outsize=1309 ok=1
Cmd: compileComputeKernel
  api=15 insize=3277 outsize=3789 ok=1
Cmd: initializeCompiler
Cmd: compileComputeKernel
  api=9 insize=1098 outsize=2593 ok=1
Cmd: compileComputeKernel
  api=9 insize=3182 outsize=10325 ok=1
Cmd: compileComputeKernel
  api=4 insize=1484 outsize=1533 ok=1
Cmd: compileComputeKernel
  api=4 insize=2059 outsize=1517 ok=1
Cmd: compileComputeKernel
  api=4 insize=10881 outsize=9849 ok=1
Cmd: compileComputeKernel
  api=9 insize=4845 outsize=7409 ok=1
Cmd: compileComputeKernel
  api=4 insize=18299 outsize=8553 ok=1
Cmd: compileComputeKernel
  api=15 insize=18299 outsize=24617 ok=1
Cmd: initializeCompiler
Cmd: compileComputeKernel
  error: 2 plat 15 at AutoExposure.compute(7): failed to open source file: 'Packages/com.unity.postprocessing/PostProcessing/Shaders/StdLib.hlsl'
  api=15 insize=3190 outsize=0 ok=0
Cmd: compileComputeKernel
  error: 2 plat 15 at MultiScaleVORender.compute(30): failed to open source file: 'Packages/com.unity.postprocessing/PostProcessing/Shaders/StdLib.hlsl'
  api=15 insize=10935 outsize=0 ok=0
Cmd: compileComputeKernel
  error: 2 plat 4 at Lut3DBaker.compute(1): failed to open source file: 'Packages/com.unity.postprocessing/PostProcessing/Shaders/StdLib.hlsl'
  api=4 insize=5017 outsize=0 ok=0
Cmd: compileComputeKernel
  error: 2 plat 4 at MultiScaleVODownsample1.compute(28): failed to open source file: 'Packages/com.unity.postprocessing/PostProcessing/Shaders/StdLib.hlsl'
  api=4 insize=3450 outsize=0 ok=0
Cmd: compileComputeKernel
  error: 2 plat 4 at MultiScaleVOUpsample.compute(37): failed to open source file: 'Packages/com.unity.postprocessing/PostProcessing/Shaders/StdLib.hlsl'
  api=4 insize=18353 outsize=0 ok=0
Cmd: compileComputeKernel
  error: 2 plat 15 at MultiScaleVOUpsample.compute(37): failed to open source file: 'Packages/com.unity.postprocessing/PostProcessing/Shaders/StdLib.hlsl'
  api=15 insize=18353 outsize=0 ok=0
Cmd: compileComputeKernel
  error: 2 plat 15 at ExposureHistogram.compute(7): failed to open source file: 'Packages/com.unity.postprocessing/PostProcessing/Shaders/StdLib.hlsl'
  api=15 insize=3246 outsize=0 ok=0
Cmd: initializeCompiler
Cmd: initializeCompiler
Cmd: initializeCompiler
Cmd: initializeCompiler
Cmd: initializeCompiler
Cmd: initializeCompiler
Cmd: initializeCompiler
Cmd: initializeCompiler
Cmd: initializeCompiler
Cmd: initializeCompiler
Cmd: initializeCompiler
Cmd: initializeCompiler
Cmd: initializeCompiler
Cmd: initializeCompiler
Cmd: initializeCompiler
Cmd: initializeCompiler
Cmd: initializeCompiler
Cmd: initializeCompiler
Cmd: initializeCompiler
Cmd: initializeCompiler
Cmd: initializeCompiler
Cmd: initializeCompiler
Cmd: initializeCompiler
Cmd: initializeCompiler
Cmd: initializeCompiler
Cmd: initializeCompiler
Cmd: initializeCompiler
Cmd: initializeCompiler
Cmd: initializeCompiler
Cmd: initializeCompiler
Cmd: initializeCompiler
Cmd: initializeCompiler
Cmd: initializeCompiler
Cmd: initializeCompiler
Cmd: initializeCompiler
Cmd: initializeCompiler
Cmd: initializeCompiler
Cmd: initializeCompiler
Cmd: initializeCompiler
Cmd: initializeCompiler
Cmd: initializeCompiler
Cmd: initializeCompiler
Cmd: initializeCompiler
Cmd: initializeCompiler
Cmd: initializeCompiler
Cmd: initializeCompiler
Cmd: initializeCompiler
