Base path: D:/Program Files/2018.4.25f1/Editor/Data
Cmd: initializeCompiler
Cmd: compileComputeKernel
  api=4 insize=1632 outsize=1457 ok=1
Cmd: compileComputeKernel
  api=9 insize=2336 outsize=5809 ok=1
Cmd: compileComputeKernel
  error: 1 plat 9 at (0): Buffer count exceeding default GL_MAX_SHADER_STORAGE_BUFFER_BINDINGS. Shader might not work on all hw. Consider combining separate buffers into one containing struct elements.
  api=9 insize=2330 outsize=10369 ok=1
Cmd: compileComputeKernel
  api=15 insize=2094 outsize=2141 ok=1
Cmd: compileComputeKernel
  api=9 insize=2094 outsize=1613 ok=1
Cmd: compileComputeKernel
  api=4 insize=4891 outsize=1169 ok=1
Cmd: compileComputeKernel
  api=15 insize=4891 outsize=1637 ok=1
Cmd: compileComputeKernel
  error: 1 plat 15 at Tentacles.compute(76): use of potentially uninitialized variable (compute_delta)
  api=15 insize=4891 outsize=4873 ok=1
Cmd: compileComputeKernel
  api=4 insize=3316 outsize=1637 ok=1
Cmd: compileComputeKernel
  api=9 insize=3316 outsize=5013 ok=1
Cmd: compileComputeKernel
  api=4 insize=4688 outsize=421 ok=1
Cmd: compileComputeKernel
  api=4 insize=3277 outsize=1829 ok=1
Cmd: initializeCompiler
Cmd: compileComputeKernel
  api=9 insize=1386 outsize=3453 ok=1
Cmd: compileComputeKernel
  api=15 insize=4845 outsize=18481 ok=1
Cmd: compileComputeKernel
  api=15 insize=3396 outsize=5169 ok=1
Cmd: compileComputeKernel
  api=4 insize=18299 outsize=8693 ok=1
Cmd: compileComputeKernel
  api=15 insize=18299 outsize=16357 ok=1
Cmd: compileComputeKernel
  api=15 insize=1806 outsize=1925 ok=1
Cmd: initializeCompiler
Cmd: compileComputeKernel
  error: 2 plat 15 at Texture3DLerp.compute(4): failed to open source file: 'Packages/com.unity.postprocessing/PostProcessing/Shaders/StdLib.hlsl'
  api=15 insize=1230 outsize=0 ok=0
Cmd: compileComputeKernel
  error: 2 plat 4 at MultiScaleVORender.compute(30): failed to open source file: 'Packages/com.unity.postprocessing/PostProcessing/Shaders/StdLib.hlsl'
  api=4 insize=10935 outsize=0 ok=0
Cmd: compileComputeKernel
  error: 2 plat 9 at (2): failed to open source file: 'Packages/com.unity.postprocessing/PostProcessing/Shaders/StdLib.hlsl'
  error: 2 plat 9 at (3): failed to open source file: 'Packages/com.unity.postprocessing/PostProcessing/Shaders/Colors.hlsl'
  error: 2 plat 9 at (4): failed to open source file: 'Packages/com.unity.postprocessing/PostProcessing/Shaders/ACES.hlsl'
  api=9 insize=5017 outsize=0 ok=0
Cmd: compileComputeKernel
  error: 2 plat 4 at MultiScaleVOUpsample.compute(37): failed to open source file: 'Packages/com.unity.postprocessing/PostProcessing/Shaders/StdLib.hlsl'
  api=4 insize=18353 outsize=0 ok=0
Cmd: compileComputeKernel
  error: 2 plat 15 at MultiScaleVOUpsample.compute(37): failed to open source file: 'Packages/com.unity.postprocessing/PostProcessing/Shaders/StdLib.hlsl'
  api=15 insize=18353 outsize=0 ok=0
Cmd: initializeCompiler
Cmd: initializeCompiler
Cmd: initializeCompiler
Cmd: initializeCompiler
Cmd: initializeCompiler
Cmd: initializeCompiler
Cmd: initializeCompiler
Cmd: initializeCompiler
Cmd: initializeCompiler
Cmd: initializeCompiler
Cmd: initializeCompiler
Cmd: initializeCompiler
Cmd: initializeCompiler
Cmd: initializeCompiler
Cmd: initializeCompiler
Cmd: initializeCompiler
Cmd: initializeCompiler
Cmd: initializeCompiler
Cmd: initializeCompiler
Cmd: initializeCompiler
Cmd: initializeCompiler
Cmd: initializeCompiler
Cmd: initializeCompiler
Cmd: initializeCompiler
Cmd: initializeCompiler
Cmd: initializeCompiler
Cmd: initializeCompiler
Cmd: initializeCompiler
Cmd: initializeCompiler
Cmd: initializeCompiler
Cmd: initializeCompiler
Cmd: initializeCompiler
Cmd: initializeCompiler
Cmd: initializeCompiler
Cmd: initializeCompiler
Cmd: initializeCompiler
Cmd: initializeCompiler
Cmd: initializeCompiler
Cmd: initializeCompiler
Cmd: initializeCompiler
Cmd: initializeCompiler
Cmd: initializeCompiler
Cmd: initializeCompiler
Cmd: initializeCompiler
Cmd: initializeCompiler
Cmd: initializeCompiler
Cmd: initializeCompiler
